2025-03-09 12:55:46 - INFO [restartedMain] com.payroll.pay.PayApplication - Starting PayApplication using Java 23.0.2 with PID 28416 (D:\SpringPorjectPayroll\pay\target\classes started by ashut in D:\SpringPorjectPayroll\pay)
2025-03-09 12:55:46 - DEBUG [restartedMain] com.payroll.pay.PayApplication - Running with Spring Boot v3.4.3, Spring v6.2.3
2025-03-09 12:55:46 - INFO [restartedMain] com.payroll.pay.PayApplication - No active profile set, falling back to 1 default profile: "default"
2025-03-09 12:55:46 - INFO [restartedMain] o.s.b.d.e.DevToolsPropertyDefaultsPostProcessor - Devtools property defaults active! Set 'spring.devtools.add-properties' to 'false' to disable
2025-03-09 12:55:46 - INFO [restartedMain] o.s.b.d.e.DevToolsPropertyDefaultsPostProcessor - For additional web related logging consider setting the 'logging.level.web' property to 'DEBUG'
2025-03-09 12:55:46 - INFO [restartedMain] o.s.d.r.c.RepositoryConfigurationDelegate - Bootstrapping Spring Data JPA repositories in DEFAULT mode.
2025-03-09 12:55:46 - INFO [restartedMain] o.s.d.r.c.RepositoryConfigurationDelegate - Finished Spring Data repository scanning in 45 ms. Found 1 JPA repository interface.
2025-03-09 12:55:47 - INFO [restartedMain] o.s.b.w.e.tomcat.TomcatWebServer - Tomcat initialized with port 8080 (http)
2025-03-09 12:55:47 - INFO [restartedMain] o.a.catalina.core.StandardService - Starting service [Tomcat]
2025-03-09 12:55:47 - INFO [restartedMain] o.a.catalina.core.StandardEngine - Starting Servlet engine: [Apache Tomcat/10.1.36]
2025-03-09 12:55:47 - INFO [restartedMain] o.a.c.c.C.[Tomcat].[localhost].[/] - Initializing Spring embedded WebApplicationContext
2025-03-09 12:55:47 - INFO [restartedMain] o.s.b.w.s.c.ServletWebServerApplicationContext - Root WebApplicationContext: initialization completed in 1392 ms
2025-03-09 12:55:47 - INFO [restartedMain] o.h.jpa.internal.util.LogHelper - HHH000204: Processing PersistenceUnitInfo [name: default]
2025-03-09 12:55:47 - INFO [restartedMain] org.hibernate.Version - HHH000412: Hibernate ORM core version 6.6.8.Final
2025-03-09 12:55:47 - INFO [restartedMain] o.h.c.i.RegionFactoryInitiator - HHH000026: Second-level cache disabled
2025-03-09 12:55:48 - INFO [restartedMain] o.s.o.j.p.SpringPersistenceUnitInfo - No LoadTimeWeaver setup: ignoring JPA class transformer
2025-03-09 12:55:48 - INFO [restartedMain] com.zaxxer.hikari.HikariDataSource - HikariPool-1 - Starting...
2025-03-09 12:55:48 - INFO [restartedMain] com.zaxxer.hikari.pool.HikariPool - HikariPool-1 - Added connection com.mysql.cj.jdbc.ConnectionImpl@44046cae
2025-03-09 12:55:48 - INFO [restartedMain] com.zaxxer.hikari.HikariDataSource - HikariPool-1 - Start completed.
2025-03-09 12:55:48 - WARN [restartedMain] org.hibernate.orm.deprecation - HHH90000025: MySQL8Dialect does not need to be specified explicitly using 'hibernate.dialect' (remove the property setting and it will be selected by default)
2025-03-09 12:55:48 - WARN [restartedMain] org.hibernate.orm.deprecation - HHH90000026: MySQL8Dialect has been deprecated; use org.hibernate.dialect.MySQLDialect instead
2025-03-09 12:55:48 - INFO [restartedMain] o.hibernate.orm.connections.pooling - HHH10001005: Database info:
	Database JDBC URL [Connecting through datasource 'HikariDataSource (HikariPool-1)']
	Database driver: undefined/unknown
	Database version: 8.0
	Autocommit mode: undefined/unknown
	Isolation level: undefined/unknown
	Minimum pool size: undefined/unknown
	Maximum pool size: undefined/unknown
2025-03-09 12:55:49 - INFO [restartedMain] o.h.e.t.j.p.i.JtaPlatformInitiator - HHH000489: No JTA platform available (set 'hibernate.transaction.jta.platform' to enable JTA platform integration)
2025-03-09 12:55:49 - INFO [restartedMain] o.s.o.j.LocalContainerEntityManagerFactoryBean - Initialized JPA EntityManagerFactory for persistence unit 'default'
2025-03-09 12:55:49 - WARN [restartedMain] o.s.b.a.o.j.JpaBaseConfiguration$JpaWebConfiguration - spring.jpa.open-in-view is enabled by default. Therefore, database queries may be performed during view rendering. Explicitly configure spring.jpa.open-in-view to disable this warning
2025-03-09 12:55:49 - INFO [restartedMain] o.s.b.d.a.OptionalLiveReloadServer - LiveReload server is running on port 35729
2025-03-09 12:55:49 - INFO [restartedMain] o.s.b.w.e.tomcat.TomcatWebServer - Tomcat started on port 8080 (http) with context path '/'
2025-03-09 12:55:49 - INFO [restartedMain] com.payroll.pay.PayApplication - Started PayApplication in 4.269 seconds (process running for 4.746)
2025-03-09 12:57:41 - INFO [http-nio-8080-exec-1] o.a.c.c.C.[Tomcat].[localhost].[/] - Initializing Spring DispatcherServlet 'dispatcherServlet'
2025-03-09 12:57:41 - INFO [http-nio-8080-exec-1] o.s.web.servlet.DispatcherServlet - Initializing Servlet 'dispatcherServlet'
2025-03-09 12:57:41 - INFO [http-nio-8080-exec-1] o.s.web.servlet.DispatcherServlet - Completed initialization in 2 ms
2025-03-09 12:57:41 - INFO [http-nio-8080-exec-1] c.p.p.controller.EmployeeController - Creating new employee using DTO: com.payroll.pay.dto.EmployeeDTO@6c2ee5af
2025-03-09 12:57:41 - INFO [http-nio-8080-exec-1] c.p.pay.service.EmployeeService - Creating a new employee with DTO: com.payroll.pay.dto.EmployeeDTO@6c2ee5af
2025-03-09 12:57:41 - INFO [http-nio-8080-exec-1] c.p.pay.service.EmployeeService - Employee created successfully: com.payroll.pay.entity.Employee@5084dbe9
2025-03-09 12:59:23 - INFO [SpringApplicationShutdownHook] o.s.b.w.e.tomcat.GracefulShutdown - Commencing graceful shutdown. Waiting for active requests to complete
2025-03-09 12:59:23 - INFO [tomcat-shutdown] o.s.b.w.e.tomcat.GracefulShutdown - Graceful shutdown complete
2025-03-09 12:59:23 - INFO [SpringApplicationShutdownHook] o.s.o.j.LocalContainerEntityManagerFactoryBean - Closing JPA EntityManagerFactory for persistence unit 'default'
2025-03-09 12:59:23 - INFO [SpringApplicationShutdownHook] com.zaxxer.hikari.HikariDataSource - HikariPool-1 - Shutdown initiated...
2025-03-09 12:59:23 - INFO [SpringApplicationShutdownHook] com.zaxxer.hikari.HikariDataSource - HikariPool-1 - Shutdown completed.
